#
# There is insufficient memory for the Java Runtime Environment to continue.
# Cannot create GC thread. Out of system resources.
# Possible reasons:
#   The system is out of physical RAM or swap space
#   In 32 bit mode, the process size limit was hit
# Possible solutions:
#   Reduce memory load on the system
#   Increase physical memory or swap space
#   Check if swap backing store is full
#   Use 64 bit Java on a 64 bit OS
#   Decrease Java heap size (-Xmx/-Xms)
#   Decrease number of Java threads
#   Decrease Java thread stack sizes (-Xss)
#   Set larger code cache with -XX:ReservedCodeCacheSize=
# This output file may be truncated or incomplete.
#
#  Out of Memory Error (gcTaskThread.cpp:46), pid=24212, tid=139738550114048
#
# JRE version: 6.0_41-b41
# Java VM: OpenJDK 64-Bit Server VM (23.41-b41 mixed mode linux-amd64 compressed oops)
# Derivative: IcedTea6 1.13.13
# Distribution: Ubuntu 14.04 LTS, package 6b41-1.13.13-0ubuntu0.14.04.1
# Failed to write core dump. Core dumps have been disabled. To enable core dumping, try "ulimit -c unlimited" before starting Java again
#

---------------  T H R E A D  ---------------

Current thread (0x00007f1764009000):  JavaThread "Unknown thread" [_thread_in_vm, id=24220, stack(0x00007f176a941000,0x00007f176aa42000)]

Stack: [0x00007f176a941000,0x00007f176aa42000],  sp=0x00007f176aa40890,  free space=1022k
Native frames: (J=compiled Java code, j=interpreted, Vv=VM code, C=native code)
V  [libjvm.so+0x8796eb]  VMError::report_and_die()+0x16b
V  [libjvm.so+0x3ef4a4]  report_vm_out_of_memory(char const*, int, unsigned long, char const*)+0x74
V  [libjvm.so+0x497dba]  GCTaskThread::GCTaskThread(GCTaskManager*, unsigned int, unsigned int)+0xda
V  [libjvm.so+0x49762d]  GCTaskManager::initialize()+0x25d
V  [libjvm.so+0x72a060]  ParallelScavengeHeap::initialize()+0x720
V  [libjvm.so+0x8487e5]  Universe::initialize_heap()+0xc5
V  [libjvm.so+0x848b0b]  universe_init()+0x7b
V  [libjvm.so+0x4e6d95]  init_globals()+0x55
V  [libjvm.so+0x82f532]  Threads::create_vm(JavaVMInitArgs*, bool*)+0x3a2
V  [libjvm.so+0x54febd]  JNI_CreateJavaVM+0x4d
C  [jps+0x413d]


---------------  P R O C E S S  ---------------

Java Threads: ( => current thread )

Other Threads:

=>0x00007f1764009000 (exited) JavaThread "Unknown thread" [_thread_in_vm, id=24220, stack(0x00007f176a941000,0x00007f176aa42000)]

VM state:not at safepoint (not fully initialized)

VM Mutex/Monitor currently owned by a thread: None

GC Heap History (0 events):
No events

Deoptimization events (0 events):
No events

Internal exceptions (0 events):
No events

Events (0 events):
No events


Dynamic libraries:
00400000-00409000 r-xp 00000000 fd:01 2160895                            /usr/lib/jvm/java-6-openjdk-amd64/bin/jps
00608000-00609000 r--p 00008000 fd:01 2160895                            /usr/lib/jvm/java-6-openjdk-amd64/bin/jps
00609000-0060a000 rw-p 00009000 fd:01 2160895                            /usr/lib/jvm/java-6-openjdk-amd64/bin/jps
015b0000-015d1000 rw-p 00000000 00:00 0                                  [heap]
708600000-709ac0000 rw-p 00000000 00:00 0 
709ac0000-712c00000 rw-p 00000000 00:00 0 
712c00000-713160000 rw-p 00000000 00:00 0 
713160000-7b0eb0000 rw-p 00000000 00:00 0 
7b0eb0000-7b12b0000 rw-p 00000000 00:00 0 
7b12b0000-800000000 rw-p 00000000 00:00 0 
7f175f611000-7f175f80b000 rw-p 00000000 00:00 0 
7f175f80b000-7f175f80c000 ---p 00000000 00:00 0 
7f175f80c000-7f175f90f000 rw-p 00000000 00:00 0 
7f175f90f000-7f175fdfe000 rw-p 00000000 00:00 0 
7f175fdfe000-7f175fe09000 rw-p 00000000 00:00 0 
7f175fe09000-7f175fe51000 rw-p 00000000 00:00 0 
7f175fe51000-7f175fe54000 rw-p 00000000 00:00 0 
7f175fe54000-7f1760342000 rw-p 00000000 00:00 0 
7f1760342000-7f1760345000 rw-p 00000000 00:00 0 
7f1760345000-7f17605bb000 rw-p 00000000 00:00 0 
7f17605bb000-7f17605bc000 rw-p 00000000 00:00 0 
7f17605bc000-7f176082c000 rwxp 00000000 00:00 0 
7f176082c000-7f17635bc000 rw-p 00000000 00:00 0 
7f17635bc000-7f17635c3000 r-xp 00000000 fd:01 2160177                    /usr/lib/jvm/java-6-openjdk-amd64/jre/lib/amd64/libzip.so
7f17635c3000-7f17637c3000 ---p 00007000 fd:01 2160177                    /usr/lib/jvm/java-6-openjdk-amd64/jre/lib/amd64/libzip.so
7f17637c3000-7f17637c4000 r--p 00007000 fd:01 2160177                    /usr/lib/jvm/java-6-openjdk-amd64/jre/lib/amd64/libzip.so
7f17637c4000-7f17637c5000 rw-p 00008000 fd:01 2160177                    /usr/lib/jvm/java-6-openjdk-amd64/jre/lib/amd64/libzip.so
7f17637c5000-7f17637cf000 r-xp 00000000 fd:01 2371                       /lib/x86_64-linux-gnu/libnss_files-2.19.so
7f17637cf000-7f17639ce000 ---p 0000a000 fd:01 2371                       /lib/x86_64-linux-gnu/libnss_files-2.19.so
7f17639ce000-7f17639cf000 r--p 00009000 fd:01 2371                       /lib/x86_64-linux-gnu/libnss_files-2.19.so
7f17639cf000-7f17639d0000 rw-p 0000a000 fd:01 2371                       /lib/x86_64-linux-gnu/libnss_files-2.19.so
7f17639d0000-7f17639db000 r-xp 00000000 fd:01 4045                       /lib/x86_64-linux-gnu/libnss_nis-2.19.so
7f17639db000-7f1763bda000 ---p 0000b000 fd:01 4045                       /lib/x86_64-linux-gnu/libnss_nis-2.19.so
7f1763bda000-7f1763bdb000 r--p 0000a000 fd:01 4045                       /lib/x86_64-linux-gnu/libnss_nis-2.19.so
7f1763bdb000-7f1763bdc000 rw-p 0000b000 fd:01 4045                       /lib/x86_64-linux-gnu/libnss_nis-2.19.so
7f1763bdc000-7f1763bf3000 r-xp 00000000 fd:01 2361                       /lib/x86_64-linux-gnu/libnsl-2.19.so
7f1763bf3000-7f1763df2000 ---p 00017000 fd:01 2361                       /lib/x86_64-linux-gnu/libnsl-2.19.so
7f1763df2000-7f1763df3000 r--p 00016000 fd:01 2361                       /lib/x86_64-linux-gnu/libnsl-2.19.so
7f1763df3000-7f1763df4000 rw-p 00017000 fd:01 2361                       /lib/x86_64-linux-gnu/libnsl-2.19.so
7f1763df4000-7f1763df6000 rw-p 00000000 00:00 0 
7f1763df6000-7f1763dff000 r-xp 00000000 fd:01 4043                       /lib/x86_64-linux-gnu/libnss_compat-2.19.so
7f1763dff000-7f1763ffe000 ---p 00009000 fd:01 4043                       /lib/x86_64-linux-gnu/libnss_compat-2.19.so
7f1763ffe000-7f1763fff000 r--p 00008000 fd:01 4043                       /lib/x86_64-linux-gnu/libnss_compat-2.19.so
7f1763fff000-7f1764000000 rw-p 00009000 fd:01 4043                       /lib/x86_64-linux-gnu/libnss_compat-2.19.so
7f1764000000-7f1764021000 rw-p 00000000 00:00 0 
7f1764021000-7f1768000000 ---p 00000000 00:00 0 
7f1768085000-7f1768090000 rw-p 00000000 00:00 0 
7f1768090000-7f17680d8000 rw-p 00000000 00:00 0 
7f17680d8000-7f1768107000 r-xp 00000000 fd:01 2160203                    /usr/lib/jvm/java-6-openjdk-amd64/jre/lib/amd64/libjava.so
7f1768107000-7f1768307000 ---p 0002f000 fd:01 2160203                    /usr/lib/jvm/java-6-openjdk-amd64/jre/lib/amd64/libjava.so
7f1768307000-7f1768308000 r--p 0002f000 fd:01 2160203                    /usr/lib/jvm/java-6-openjdk-amd64/jre/lib/amd64/libjava.so
7f1768308000-7f176830b000 rw-p 00030000 fd:01 2160203                    /usr/lib/jvm/java-6-openjdk-amd64/jre/lib/amd64/libjava.so
7f176830b000-7f176831b000 r-xp 00000000 fd:01 2160183                    /usr/lib/jvm/java-6-openjdk-amd64/jre/lib/amd64/libverify.so
7f176831b000-7f176851a000 ---p 00010000 fd:01 2160183                    /usr/lib/jvm/java-6-openjdk-amd64/jre/lib/amd64/libverify.so
7f176851a000-7f176851c000 r--p 0000f000 fd:01 2160183                    /usr/lib/jvm/java-6-openjdk-amd64/jre/lib/amd64/libverify.so
7f176851c000-7f176851d000 rw-p 00011000 fd:01 2160183                    /usr/lib/jvm/java-6-openjdk-amd64/jre/lib/amd64/libverify.so
7f176851d000-7f1768524000 r-xp 00000000 fd:01 4038                       /lib/x86_64-linux-gnu/librt-2.19.so
7f1768524000-7f1768723000 ---p 00007000 fd:01 4038                       /lib/x86_64-linux-gnu/librt-2.19.so
7f1768723000-7f1768724000 r--p 00006000 fd:01 4038                       /lib/x86_64-linux-gnu/librt-2.19.so
7f1768724000-7f1768725000 rw-p 00007000 fd:01 4038                       /lib/x86_64-linux-gnu/librt-2.19.so
7f1768725000-7f176873b000 r-xp 00000000 fd:01 1792                       /lib/x86_64-linux-gnu/libgcc_s.so.1
7f176873b000-7f176893a000 ---p 00016000 fd:01 1792                       /lib/x86_64-linux-gnu/libgcc_s.so.1
7f176893a000-7f176893b000 rw-p 00015000 fd:01 1792                       /lib/x86_64-linux-gnu/libgcc_s.so.1
7f176893b000-7f1768a40000 r-xp 00000000 fd:01 4031                       /lib/x86_64-linux-gnu/libm-2.19.so
7f1768a40000-7f1768c3f000 ---p 00105000 fd:01 4031                       /lib/x86_64-linux-gnu/libm-2.19.so
7f1768c3f000-7f1768c40000 r--p 00104000 fd:01 4031                       /lib/x86_64-linux-gnu/libm-2.19.so
7f1768c40000-7f1768c41000 rw-p 00105000 fd:01 4031                       /lib/x86_64-linux-gnu/libm-2.19.so
7f1768c41000-7f1768d27000 r-xp 00000000 fd:01 2067                       /usr/lib/x86_64-linux-gnu/libstdc++.so.6.0.19
7f1768d27000-7f1768f26000 ---p 000e6000 fd:01 2067                       /usr/lib/x86_64-linux-gnu/libstdc++.so.6.0.19
7f1768f26000-7f1768f2e000 r--p 000e5000 fd:01 2067                       /usr/lib/x86_64-linux-gnu/libstdc++.so.6.0.19
7f1768f2e000-7f1768f30000 rw-p 000ed000 fd:01 2067                       /usr/lib/x86_64-linux-gnu/libstdc++.so.6.0.19
7f1768f30000-7f1768f45000 rw-p 00000000 00:00 0 
7f1768f45000-7f176995f000 r-xp 00000000 fd:01 2160195                    /usr/lib/jvm/java-6-openjdk-amd64/jre/lib/amd64/server/libjvm.so
7f176995f000-7f1769b5e000 ---p 00a1a000 fd:01 2160195                    /usr/lib/jvm/java-6-openjdk-amd64/jre/lib/amd64/server/libjvm.so
7f1769b5e000-7f1769bd7000 r--p 00a19000 fd:01 2160195                    /usr/lib/jvm/java-6-openjdk-amd64/jre/lib/amd64/server/libjvm.so
7f1769bd7000-7f1769bfa000 rw-p 00a92000 fd:01 2160195                    /usr/lib/jvm/java-6-openjdk-amd64/jre/lib/amd64/server/libjvm.so
7f1769bfa000-7f1769c27000 rw-p 00000000 00:00 0 
7f1769c27000-7f1769c3f000 r-xp 00000000 fd:01 5434                       /lib/x86_64-linux-gnu/libz.so.1.2.8
7f1769c3f000-7f1769e3e000 ---p 00018000 fd:01 5434                       /lib/x86_64-linux-gnu/libz.so.1.2.8
7f1769e3e000-7f1769e3f000 r--p 00017000 fd:01 5434                       /lib/x86_64-linux-gnu/libz.so.1.2.8
7f1769e3f000-7f1769e40000 rw-p 00018000 fd:01 5434                       /lib/x86_64-linux-gnu/libz.so.1.2.8
7f1769e40000-7f1769ffe000 r-xp 00000000 fd:01 4033                       /lib/x86_64-linux-gnu/libc-2.19.so
7f1769ffe000-7f176a1fe000 ---p 001be000 fd:01 4033                       /lib/x86_64-linux-gnu/libc-2.19.so
7f176a1fe000-7f176a202000 r--p 001be000 fd:01 4033                       /lib/x86_64-linux-gnu/libc-2.19.so
7f176a202000-7f176a204000 rw-p 001c2000 fd:01 4033                       /lib/x86_64-linux-gnu/libc-2.19.so
7f176a204000-7f176a209000 rw-p 00000000 00:00 0 
7f176a209000-7f176a20c000 r-xp 00000000 fd:01 4037                       /lib/x86_64-linux-gnu/libdl-2.19.so
7f176a20c000-7f176a40b000 ---p 00003000 fd:01 4037                       /lib/x86_64-linux-gnu/libdl-2.19.so
7f176a40b000-7f176a40c000 r--p 00002000 fd:01 4037                       /lib/x86_64-linux-gnu/libdl-2.19.so
7f176a40c000-7f176a40d000 rw-p 00003000 fd:01 4037                       /lib/x86_64-linux-gnu/libdl-2.19.so
7f176a40d000-7f176a411000 r-xp 00000000 fd:01 2160186                    /usr/lib/jvm/java-6-openjdk-amd64/jre/lib/amd64/jli/libjli.so
7f176a411000-7f176a610000 ---p 00004000 fd:01 2160186                    /usr/lib/jvm/java-6-openjdk-amd64/jre/lib/amd64/jli/libjli.so
7f176a610000-7f176a611000 r--p 00003000 fd:01 2160186                    /usr/lib/jvm/java-6-openjdk-amd64/jre/lib/amd64/jli/libjli.so
7f176a611000-7f176a612000 rw-p 00004000 fd:01 2160186                    /usr/lib/jvm/java-6-openjdk-amd64/jre/lib/amd64/jli/libjli.so
7f176a612000-7f176a62b000 r-xp 00000000 fd:01 4034                       /lib/x86_64-linux-gnu/libpthread-2.19.so
7f176a62b000-7f176a82a000 ---p 00019000 fd:01 4034                       /lib/x86_64-linux-gnu/libpthread-2.19.so
7f176a82a000-7f176a82b000 r--p 00018000 fd:01 4034                       /lib/x86_64-linux-gnu/libpthread-2.19.so
7f176a82b000-7f176a82c000 rw-p 00019000 fd:01 4034                       /lib/x86_64-linux-gnu/libpthread-2.19.so
7f176a82c000-7f176a830000 rw-p 00000000 00:00 0 
7f176a830000-7f176a853000 r-xp 00000000 fd:01 4041                       /lib/x86_64-linux-gnu/ld-2.19.so
7f176a879000-7f176a883000 rw-p 00000000 00:00 0 
7f176a883000-7f176a939000 rw-p 00000000 00:00 0 
7f176a939000-7f176a941000 rw-s 00000000 fd:01 68415                      /tmp/hsperfdata_root/24212
7f176a941000-7f176a944000 ---p 00000000 00:00 0 
7f176a944000-7f176aa47000 rw-p 00000000 00:00 0                          [stack:24220]
7f176aa4d000-7f176aa4f000 rw-p 00000000 00:00 0 
7f176aa4f000-7f176aa50000 r--p 00000000 00:00 0 
7f176aa50000-7f176aa52000 rw-p 00000000 00:00 0 
7f176aa52000-7f176aa53000 r--p 00022000 fd:01 4041                       /lib/x86_64-linux-gnu/ld-2.19.so
7f176aa53000-7f176aa54000 rw-p 00023000 fd:01 4041                       /lib/x86_64-linux-gnu/ld-2.19.so
7f176aa54000-7f176aa55000 rw-p 00000000 00:00 0 
7fffcf050000-7fffcf071000 rw-p 00000000 00:00 0                          [stack]
7fffcf1db000-7fffcf1dd000 r-xp 00000000 00:00 0                          [vdso]
ffffffffff600000-ffffffffff601000 r-xp 00000000 00:00 0                  [vsyscall]

VM Arguments:
jvm_args: -Dapplication.home=/usr/lib/jvm/java-6-openjdk-amd64 -Xms8m 
java_command: sun.tools.jps.Jps -l
Launcher Type: SUN_STANDARD

Environment Variables:
JAVA_HOME=/usr/lib/jvm/java-6-openjdk-amd64
PATH=/usr/local/sbin:/usr/local/bin:/usr/sbin:/usr/bin:/sbin:/bin:/usr/games:/usr/local/games
LD_LIBRARY_PATH=/usr/lib/jvm/java-6-openjdk-amd64/jre/lib/amd64/server:/usr/lib/jvm/java-6-openjdk-amd64/jre/lib/amd64:/usr/lib/jvm/java-6-openjdk-amd64/jre/../lib/amd64
SHELL=/bin/bash

Signal Handlers:
SIGSEGV: [libjvm.so+0x87a1d0], sa_mask[0]=0x7ffbfeff, sa_flags=0x10000004
SIGBUS: [libjvm.so+0x87a1d0], sa_mask[0]=0x7ffbfeff, sa_flags=0x10000004
SIGFPE: [libjvm.so+0x7085a0], sa_mask[0]=0x7ffbfeff, sa_flags=0x10000004
SIGPIPE: [libjvm.so+0x7085a0], sa_mask[0]=0x7ffbfeff, sa_flags=0x10000004
SIGXFSZ: [libjvm.so+0x7085a0], sa_mask[0]=0x7ffbfeff, sa_flags=0x10000004
SIGILL: [libjvm.so+0x7085a0], sa_mask[0]=0x7ffbfeff, sa_flags=0x10000004
SIGUSR1: SIG_DFL, sa_mask[0]=0x00000000, sa_flags=0x00000000
SIGUSR2: [libjvm.so+0x708660], sa_mask[0]=0x00000000, sa_flags=0x10000004
SIGHUP: SIG_DFL, sa_mask[0]=0x00000000, sa_flags=0x00000000
SIGINT: SIG_DFL, sa_mask[0]=0x00000000, sa_flags=0x00000000
SIGTERM: SIG_DFL, sa_mask[0]=0x00000000, sa_flags=0x00000000
SIGQUIT: SIG_DFL, sa_mask[0]=0x00000000, sa_flags=0x00000000


---------------  S Y S T E M  ---------------

OS:Ubuntu 14.04 (trusty)
uname:Linux 3.13.0-24-generic #47-Ubuntu SMP Fri May 2 23:30:00 UTC 2014 x86_64
libc:glibc 2.19 NPTL 2.19 
rlimit: STACK 8192k, CORE 0k, NPROC 121242, NOFILE 4096, AS infinity
load average:2.38 2.40 3.72

/proc/meminfo:
MemTotal:       15541444 kB
MemFree:          160364 kB
Buffers:            2748 kB
Cached:          1980768 kB
SwapCached:       203960 kB
Active:          9340644 kB
Inactive:        2440728 kB
Active(anon):    8482724 kB
Inactive(anon):  1579696 kB
Active(file):     857920 kB
Inactive(file):   861032 kB
Unevictable:           0 kB
Mlocked:               0 kB
SwapTotal:       2047996 kB
SwapFree:           4144 kB
Dirty:            121332 kB
Writeback:           272 kB
AnonPages:       9594076 kB
Mapped:            28680 kB
Shmem:            264452 kB
Slab:             530760 kB
SReclaimable:      96008 kB
SUnreclaim:       434752 kB
KernelStack:      260152 kB
PageTables:       171680 kB
NFS_Unstable:          0 kB
Bounce:                0 kB
WritebackTmp:          0 kB
CommitLimit:     9818716 kB
Committed_AS:   33258592 kB
VmallocTotal:   34359738367 kB
VmallocUsed:       35704 kB
VmallocChunk:   34359625752 kB
HardwareCorrupted:     0 kB
AnonHugePages:   4425728 kB
HugePages_Total:       0
HugePages_Free:        0
HugePages_Rsvd:        0
HugePages_Surp:        0
Hugepagesize:       2048 kB
DirectMap4k:       63476 kB
DirectMap2M:    15808512 kB


CPU:total 4 (1 cores per cpu, 1 threads per core) family 6 model 13 stepping 3, cmov, cx8, fxsr, mmx, sse, sse2, sse3, tsc

/proc/cpuinfo:
processor	: 0
vendor_id	: GenuineIntel
cpu family	: 6
model		: 13
model name	: QEMU Virtual CPU version (cpu64-rhel6)
stepping	: 3
microcode	: 0x1
cpu MHz		: 3400.016
cache size	: 4096 KB
physical id	: 0
siblings	: 1
core id		: 0
cpu cores	: 1
apicid		: 0
initial apicid	: 0
fpu		: yes
fpu_exception	: yes
cpuid level	: 4
wp		: yes
flags		: fpu de pse tsc msr pae mce cx8 apic sep mtrr pge mca cmov pse36 clflush mmx fxsr sse sse2 syscall nx lm nopl pni cx16 hypervisor lahf_lm abm
bogomips	: 6800.03
clflush size	: 64
cache_alignment	: 64
address sizes	: 39 bits physical, 48 bits virtual
power management:

processor	: 1
vendor_id	: GenuineIntel
cpu family	: 6
model		: 13
model name	: QEMU Virtual CPU version (cpu64-rhel6)
stepping	: 3
microcode	: 0x1
cpu MHz		: 3400.016
cache size	: 4096 KB
physical id	: 1
siblings	: 1
core id		: 0
cpu cores	: 1
apicid		: 1
initial apicid	: 1
fpu		: yes
fpu_exception	: yes
cpuid level	: 4
wp		: yes
flags		: fpu de pse tsc msr pae mce cx8 apic sep mtrr pge mca cmov pse36 clflush mmx fxsr sse sse2 syscall nx lm nopl pni cx16 hypervisor lahf_lm abm
bogomips	: 6800.03
clflush size	: 64
cache_alignment	: 64
address sizes	: 39 bits physical, 48 bits virtual
power management:

processor	: 2
vendor_id	: GenuineIntel
cpu family	: 6
model		: 13
model name	: QEMU Virtual CPU version (cpu64-rhel6)
stepping	: 3
microcode	: 0x1
cpu MHz		: 3400.016
cache size	: 4096 KB
physical id	: 2
siblings	: 1
core id		: 0
cpu cores	: 1
apicid		: 2
initial apicid	: 2
fpu		: yes
fpu_exception	: yes
cpuid level	: 4
wp		: yes
flags		: fpu de pse tsc msr pae mce cx8 apic sep mtrr pge mca cmov pse36 clflush mmx fxsr sse sse2 syscall nx lm nopl pni cx16 hypervisor lahf_lm abm
bogomips	: 6800.03
clflush size	: 64
cache_alignment	: 64
address sizes	: 39 bits physical, 48 bits virtual
power management:

processor	: 3
vendor_id	: GenuineIntel
cpu family	: 6
model		: 13
model name	: QEMU Virtual CPU version (cpu64-rhel6)
stepping	: 3
microcode	: 0x1
cpu MHz		: 3400.016
cache size	: 4096 KB
physical id	: 3
siblings	: 1
core id		: 0
cpu cores	: 1
apicid		: 3
initial apicid	: 3
fpu		: yes
fpu_exception	: yes
cpuid level	: 4
wp		: yes
flags		: fpu de pse tsc msr pae mce cx8 apic sep mtrr pge mca cmov pse36 clflush mmx fxsr sse sse2 syscall nx lm nopl pni cx16 hypervisor lahf_lm abm
bogomips	: 6800.03
clflush size	: 64
cache_alignment	: 64
address sizes	: 39 bits physical, 48 bits virtual
power management:



Memory: 4k page, physical 15541444k(160364k free), swap 2047996k(4144k free)

vm_info: OpenJDK 64-Bit Server VM (23.41-b41) for linux-amd64 JRE (1.6.0_41-b41), built on Feb 14 2017 15:33:03 by "buildd" with gcc 4.8.4

time: Fri Aug 14 06:49:52 2020
elapsed time: 1 seconds

